# JRE version: OpenJDK Runtime Environment (17.0.9) (build 17.0.9+0--11185874)
# Java VM: OpenJDK 64-Bit Server VM (17.0.9+0--11185874, mixed mode, tiered, compressed oops, compressed class ptrs, g1 gc, windows-amd64)
GC Precious Log:
 CPUs: 4 total, 4 available
 Memory: 3891M
 Large Page Support: Disabled
 NUMA Support: Disabled
 Compressed Oops: Enabled (32-bit)
 Heap Region Size: 1M
 Heap Min Capacity: 8M
 Heap Initial Capacity: 62M
 Heap Max Capacity: 2G
 Pre-touch: Disabled
 Parallel Workers: 4
 Concurrent Workers: 1
 Concurrent Refinement Workers: 4
 Periodic GC: Disabled
Heap:
 garbage-first heap   total 285696K, used 198593K [0x0000000080000000, 0x0000000100000000)
  region size 1024K, 49 young (50176K), 2 survivors (2048K)
 Metaspace       used 142850K, committed 143808K, reserved 1179648K
  class space    used 18961K, committed 19456K, reserved 1048576K
GC Heap History (20 events):
Event: 296.964 GC heap before
{Heap before GC invocations=58 (full 0):
 garbage-first heap   total 204800K, used 172853K [0x0000000080000000, 0x0000000100000000)
  region size 1024K, 59 young (60416K), 4 survivors (4096K)
 Metaspace       used 133122K, committed 134016K, reserved 1179648K
  class space    used 17868K, committed 18304K, reserved 1048576K
}
Event: 297.094 GC heap after
{Heap after GC invocations=59 (full 0):
 garbage-first heap   total 204800K, used 122726K [0x0000000080000000, 0x0000000100000000)
  region size 1024K, 8 young (8192K), 8 survivors (8192K)
 Metaspace       used 133122K, committed 134016K, reserved 1179648K
  class space    used 17868K, committed 18304K, reserved 1048576K
}
Event: 297.340 GC heap before
{Heap before GC invocations=59 (full 0):
 garbage-first heap   total 204800K, used 124774K [0x0000000080000000, 0x0000000100000000)
  region size 1024K, 10 young (10240K), 8 survivors (8192K)
 Metaspace       used 133162K, committed 134080K, reserved 1179648K
  class space    used 17868K, committed 18304K, reserved 1048576K
}
Event: 297.422 GC heap after
{Heap after GC invocations=60 (full 0):
 garbage-first heap   total 204800K, used 124054K [0x0000000080000000, 0x0000000100000000)
  region size 1024K, 2 young (2048K), 2 survivors (2048K)
 Metaspace       used 133162K, committed 134080K, reserved 1179648K
  class space    used 17868K, committed 18304K, reserved 1048576K
}
Event: 504.532 GC heap before
{Heap before GC invocations=60 (full 0):
 garbage-first heap   total 204800K, used 170134K [0x0000000080000000, 0x0000000100000000)
  region size 1024K, 48 young (49152K), 2 survivors (2048K)
 Metaspace       used 133481K, committed 134336K, reserved 1179648K
  class space    used 17891K, committed 18304K, reserved 1048576K
}
Event: 504.985 GC heap after
{Heap after GC invocations=61 (full 0):
 garbage-first heap   total 204800K, used 127124K [0x0000000080000000, 0x0000000100000000)
  region size 1024K, 5 young (5120K), 5 survivors (5120K)
 Metaspace       used 133481K, committed 134336K, reserved 1179648K
  class space    used 17891K, committed 18304K, reserved 1048576K
}
Event: 593.836 GC heap before
{Heap before GC invocations=61 (full 0):
 garbage-first heap   total 204800K, used 135316K [0x0000000080000000, 0x0000000100000000)
  region size 1024K, 14 young (14336K), 5 survivors (5120K)
 Metaspace       used 133588K, committed 134528K, reserved 1179648K
  class space    used 17906K, committed 18368K, reserved 1048576K
}
Event: 594.034 GC heap after
{Heap after GC invocations=62 (full 0):
 garbage-first heap   total 204800K, used 128888K [0x0000000080000000, 0x0000000100000000)
  region size 1024K, 2 young (2048K), 2 survivors (2048K)
 Metaspace       used 133588K, committed 134528K, reserved 1179648K
  class space    used 17906K, committed 18368K, reserved 1048576K
}
Event: 605.729 GC heap before
{Heap before GC invocations=63 (full 0):
 garbage-first heap   total 237568K, used 170872K [0x0000000080000000, 0x0000000100000000)
  region size 1024K, 44 young (45056K), 2 survivors (2048K)
 Metaspace       used 133808K, committed 134720K, reserved 1179648K
  class space    used 17909K, committed 18368K, reserved 1048576K
}
Event: 605.822 GC heap after
{Heap after GC invocations=64 (full 0):
 garbage-first heap   total 237568K, used 134723K [0x0000000080000000, 0x0000000100000000)
  region size 1024K, 6 young (6144K), 6 survivors (6144K)
 Metaspace       used 133808K, committed 134720K, reserved 1179648K
  class space    used 17909K, committed 18368K, reserved 1048576K
}
Event: 606.302 GC heap before
{Heap before GC invocations=64 (full 0):
 garbage-first heap   total 237568K, used 139843K [0x0000000080000000, 0x0000000100000000)
  region size 1024K, 11 young (11264K), 6 survivors (6144K)
 Metaspace       used 133818K, committed 134720K, reserved 1179648K
  class space    used 17909K, committed 18368K, reserved 1048576K
}
Event: 606.423 GC heap after
{Heap after GC invocations=65 (full 0):
 garbage-first heap   total 237568K, used 133013K [0x0000000080000000, 0x0000000100000000)
  region size 1024K, 2 young (2048K), 2 survivors (2048K)
 Metaspace       used 133818K, committed 134720K, reserved 1179648K
  class space    used 17909K, committed 18368K, reserved 1048576K
}
Event: 613.023 GC heap before
{Heap before GC invocations=65 (full 0):
 garbage-first heap   total 237568K, used 196501K [0x0000000080000000, 0x0000000100000000)
  region size 1024K, 62 young (63488K), 2 survivors (2048K)
 Metaspace       used 138755K, committed 139648K, reserved 1179648K
  class space    used 18527K, committed 18944K, reserved 1048576K
}
Event: 613.136 GC heap after
{Heap after GC invocations=66 (full 0):
 garbage-first heap   total 285696K, used 156344K [0x0000000080000000, 0x0000000100000000)
  region size 1024K, 8 young (8192K), 8 survivors (8192K)
 Metaspace       used 138755K, committed 139648K, reserved 1179648K
  class space    used 18527K, committed 18944K, reserved 1048576K
}
Event: 613.612 GC heap before
{Heap before GC invocations=66 (full 0):
 garbage-first heap   total 285696K, used 169656K [0x0000000080000000, 0x0000000100000000)
  region size 1024K, 10 young (10240K), 8 survivors (8192K)
 Metaspace       used 138769K, committed 139712K, reserved 1179648K
  class space    used 18530K, committed 19008K, reserved 1048576K
}
Event: 613.655 GC heap after
{Heap after GC invocations=67 (full 0):
 garbage-first heap   total 285696K, used 161792K [0x0000000080000000, 0x0000000100000000)
  region size 1024K, 1 young (1024K), 1 survivors (1024K)
 Metaspace       used 138769K, committed 139712K, reserved 1179648K
  class space    used 18530K, committed 19008K, reserved 1048576K
}
Event: 622.916 GC heap before
{Heap before GC invocations=68 (full 0):
 garbage-first heap   total 285696K, used 198656K [0x0000000080000000, 0x0000000100000000)
  region size 1024K, 34 young (34816K), 1 survivors (1024K)
 Metaspace       used 141201K, committed 142080K, reserved 1179648K
  class space    used 18786K, committed 19200K, reserved 1048576K
}
Event: 622.927 GC heap after
{Heap after GC invocations=69 (full 0):
 garbage-first heap   total 285696K, used 159131K [0x0000000080000000, 0x0000000100000000)
  region size 1024K, 3 young (3072K), 3 survivors (3072K)
 Metaspace       used 141201K, committed 142080K, reserved 1179648K
  class space    used 18786K, committed 19200K, reserved 1048576K
}
Event: 623.332 GC heap before
{Heap before GC invocations=69 (full 0):
 garbage-first heap   total 285696K, used 169371K [0x0000000080000000, 0x0000000100000000)
  region size 1024K, 13 young (13312K), 3 survivors (3072K)
 Metaspace       used 141238K, committed 142144K, reserved 1179648K
  class space    used 18787K, committed 19200K, reserved 1048576K
}
Event: 623.353 GC heap after
{Heap after GC invocations=70 (full 0):
 garbage-first heap   total 285696K, used 152513K [0x0000000080000000, 0x0000000100000000)
  region size 1024K, 2 young (2048K), 2 survivors (2048K)
 Metaspace       used 141238K, committed 142144K, reserved 1179648K
  class space    used 18787K, committed 19200K, reserved 1048576K
}

