# JRE version: OpenJDK Runtime Environment (17.0.9) (build 17.0.9+0--11185874)
# Java VM: OpenJDK 64-Bit Server VM (17.0.9+0--11185874, mixed mode, tiered, compressed oops, compressed class ptrs, g1 gc, windows-amd64)
GC Precious Log:
 CPUs: 4 total, 4 available
 Memory: 3891M
 Large Page Support: Disabled
 NUMA Support: Disabled
 Compressed Oops: Enabled (32-bit)
 Heap Region Size: 1M
 Heap Min Capacity: 8M
 Heap Initial Capacity: 62M
 Heap Max Capacity: 2G
 Pre-touch: Disabled
 Parallel Workers: 4
 Concurrent Workers: 1
 Concurrent Refinement Workers: 4
 Periodic GC: Disabled
Heap:
 garbage-first heap   total 101376K, used 74304K [0x0000000080000000, 0x0000000100000000)
  region size 1024K, 19 young (19456K), 1 survivors (1024K)
 Metaspace       used 65713K, committed 66112K, reserved 1114112K
  class space    used 8569K, committed 8768K, reserved 1048576K
GC Heap History (20 events):
Event: 9.419 GC heap before
{Heap before GC invocations=16 (full 0):
 garbage-first heap   total 63488K, used 50615K [0x0000000080000000, 0x0000000100000000)
  region size 1024K, 18 young (18432K), 2 survivors (2048K)
 Metaspace       used 48398K, committed 48768K, reserved 1114112K
  class space    used 6392K, committed 6528K, reserved 1048576K
}
Event: 9.426 GC heap after
{Heap after GC invocations=17 (full 0):
 garbage-first heap   total 76800K, used 33409K [0x0000000080000000, 0x0000000100000000)
  region size 1024K, 2 young (2048K), 2 survivors (2048K)
 Metaspace       used 48398K, committed 48768K, reserved 1114112K
  class space    used 6392K, committed 6528K, reserved 1048576K
}
Event: 12.127 GC heap before
{Heap before GC invocations=17 (full 0):
 garbage-first heap   total 76800K, used 61057K [0x0000000080000000, 0x0000000100000000)
  region size 1024K, 29 young (29696K), 2 survivors (2048K)
 Metaspace       used 51245K, committed 51712K, reserved 1114112K
  class space    used 6774K, committed 6976K, reserved 1048576K
}
Event: 12.133 GC heap after
{Heap after GC invocations=18 (full 0):
 garbage-first heap   total 76800K, used 35768K [0x0000000080000000, 0x0000000100000000)
  region size 1024K, 4 young (4096K), 4 survivors (4096K)
 Metaspace       used 51245K, committed 51712K, reserved 1114112K
  class space    used 6774K, committed 6976K, reserved 1048576K
}
Event: 14.295 GC heap before
{Heap before GC invocations=18 (full 0):
 garbage-first heap   total 76800K, used 60344K [0x0000000080000000, 0x0000000100000000)
  region size 1024K, 29 young (29696K), 4 survivors (4096K)
 Metaspace       used 58197K, committed 58624K, reserved 1114112K
  class space    used 7654K, committed 7872K, reserved 1048576K
}
Event: 14.307 GC heap after
{Heap after GC invocations=19 (full 0):
 garbage-first heap   total 76800K, used 39265K [0x0000000080000000, 0x0000000100000000)
  region size 1024K, 4 young (4096K), 4 survivors (4096K)
 Metaspace       used 58197K, committed 58624K, reserved 1114112K
  class space    used 7654K, committed 7872K, reserved 1048576K
}
Event: 15.297 GC heap before
{Heap before GC invocations=19 (full 0):
 garbage-first heap   total 76800K, used 55649K [0x0000000080000000, 0x0000000100000000)
  region size 1024K, 22 young (22528K), 4 survivors (4096K)
 Metaspace       used 58681K, committed 59200K, reserved 1114112K
  class space    used 7699K, committed 7936K, reserved 1048576K
}
Event: 15.310 GC heap after
{Heap after GC invocations=20 (full 0):
 garbage-first heap   total 76800K, used 41711K [0x0000000080000000, 0x0000000100000000)
  region size 1024K, 3 young (3072K), 3 survivors (3072K)
 Metaspace       used 58681K, committed 59200K, reserved 1114112K
  class space    used 7699K, committed 7936K, reserved 1048576K
}
Event: 15.450 GC heap before
{Heap before GC invocations=21 (full 0):
 garbage-first heap   total 78848K, used 45807K [0x0000000080000000, 0x0000000100000000)
  region size 1024K, 6 young (6144K), 3 survivors (3072K)
 Metaspace       used 58778K, committed 59264K, reserved 1114112K
  class space    used 7711K, committed 7936K, reserved 1048576K
}
Event: 15.457 GC heap after
{Heap after GC invocations=22 (full 0):
 garbage-first heap   total 78848K, used 46849K [0x0000000080000000, 0x0000000100000000)
  region size 1024K, 2 young (2048K), 2 survivors (2048K)
 Metaspace       used 58778K, committed 59264K, reserved 1114112K
  class space    used 7711K, committed 7936K, reserved 1048576K
}
Event: 16.012 GC heap before
{Heap before GC invocations=23 (full 0):
 garbage-first heap   total 81920K, used 64257K [0x0000000080000000, 0x0000000100000000)
  region size 1024K, 14 young (14336K), 2 survivors (2048K)
 Metaspace       used 59572K, committed 60096K, reserved 1114112K
  class space    used 7807K, committed 8064K, reserved 1048576K
}
Event: 16.015 GC heap after
{Heap after GC invocations=24 (full 0):
 garbage-first heap   total 81920K, used 56889K [0x0000000080000000, 0x0000000100000000)
  region size 1024K, 2 young (2048K), 2 survivors (2048K)
 Metaspace       used 59572K, committed 60096K, reserved 1114112K
  class space    used 7807K, committed 8064K, reserved 1048576K
}
Event: 16.248 GC heap before
{Heap before GC invocations=24 (full 0):
 garbage-first heap   total 81920K, used 58937K [0x0000000080000000, 0x0000000100000000)
  region size 1024K, 4 young (4096K), 2 survivors (2048K)
 Metaspace       used 59803K, committed 60288K, reserved 1114112K
  class space    used 7838K, committed 8064K, reserved 1048576K
}
Event: 16.253 GC heap after
{Heap after GC invocations=25 (full 0):
 garbage-first heap   total 81920K, used 56472K [0x0000000080000000, 0x0000000100000000)
  region size 1024K, 1 young (1024K), 1 survivors (1024K)
 Metaspace       used 59803K, committed 60288K, reserved 1114112K
  class space    used 7838K, committed 8064K, reserved 1048576K
}
Event: 16.591 GC heap before
{Heap before GC invocations=25 (full 0):
 garbage-first heap   total 81920K, used 64664K [0x0000000080000000, 0x0000000100000000)
  region size 1024K, 9 young (9216K), 1 survivors (1024K)
 Metaspace       used 60867K, committed 61376K, reserved 1114112K
  class space    used 7993K, committed 8256K, reserved 1048576K
}
Event: 16.593 GC heap after
{Heap after GC invocations=26 (full 0):
 garbage-first heap   total 81920K, used 56734K [0x0000000080000000, 0x0000000100000000)
  region size 1024K, 1 young (1024K), 1 survivors (1024K)
 Metaspace       used 60867K, committed 61376K, reserved 1114112K
  class space    used 7993K, committed 8256K, reserved 1048576K
}
Event: 16.967 GC heap before
{Heap before GC invocations=27 (full 0):
 garbage-first heap   total 101376K, used 63902K [0x0000000080000000, 0x0000000100000000)
  region size 1024K, 9 young (9216K), 1 survivors (1024K)
 Metaspace       used 61928K, committed 62400K, reserved 1114112K
  class space    used 8153K, committed 8384K, reserved 1048576K
}
Event: 16.972 GC heap after
{Heap after GC invocations=28 (full 0):
 garbage-first heap   total 101376K, used 57058K [0x0000000080000000, 0x0000000100000000)
  region size 1024K, 1 young (1024K), 1 survivors (1024K)
 Metaspace       used 61928K, committed 62400K, reserved 1114112K
  class space    used 8153K, committed 8384K, reserved 1048576K
}
Event: 17.413 GC heap before
{Heap before GC invocations=28 (full 0):
 garbage-first heap   total 101376K, used 60130K [0x0000000080000000, 0x0000000100000000)
  region size 1024K, 4 young (4096K), 1 survivors (1024K)
 Metaspace       used 62363K, committed 62912K, reserved 1114112K
  class space    used 8216K, committed 8448K, reserved 1048576K
}
Event: 17.420 GC heap after
{Heap after GC invocations=29 (full 0):
 garbage-first heap   total 101376K, used 56896K [0x0000000080000000, 0x0000000100000000)
  region size 1024K, 1 young (1024K), 1 survivors (1024K)
 Metaspace       used 62363K, committed 62912K, reserved 1114112K
  class space    used 8216K, committed 8448K, reserved 1048576K
}

