# JRE version: OpenJDK Runtime Environment (17.0.9) (build 17.0.9+0--11185874)
# Java VM: OpenJDK 64-Bit Server VM (17.0.9+0--11185874, mixed mode, tiered, compressed oops, compressed class ptrs, g1 gc, windows-amd64)
GC Precious Log:
 CPUs: 4 total, 4 available
 Memory: 3891M
 Large Page Support: Disabled
 NUMA Support: Disabled
 Compressed Oops: Enabled (32-bit)
 Heap Region Size: 1M
 Heap Min Capacity: 8M
 Heap Initial Capacity: 62M
 Heap Max Capacity: 2G
 Pre-touch: Disabled
 Parallel Workers: 4
 Concurrent Workers: 1
 Concurrent Refinement Workers: 4
 Periodic GC: Disabled
Heap:
 garbage-first heap   total 311296K, used 125197K [0x0000000080000000, 0x0000000100000000)
  region size 1024K, 2 young (2048K), 2 survivors (2048K)
 Metaspace       used 140470K, committed 141696K, reserved 1179648K
  class space    used 18262K, committed 18816K, reserved 1048576K
GC Heap History (20 events):
Event: 11243.186 GC heap after
{Heap after GC invocations=91 (full 1):
 garbage-first heap   total 311296K, used 128663K [0x0000000080000000, 0x0000000100000000)
  region size 1024K, 2 young (2048K), 2 survivors (2048K)
 Metaspace       used 138703K, committed 139648K, reserved 1179648K
  class space    used 18076K, committed 18560K, reserved 1048576K
}
Event: 11268.685 GC heap before
{Heap before GC invocations=91 (full 1):
 garbage-first heap   total 311296K, used 240279K [0x0000000080000000, 0x0000000100000000)
  region size 1024K, 112 young (114688K), 2 survivors (2048K)
 Metaspace       used 139042K, committed 140032K, reserved 1179648K
  class space    used 18079K, committed 18560K, reserved 1048576K
}
Event: 11268.803 GC heap after
{Heap after GC invocations=92 (full 1):
 garbage-first heap   total 311296K, used 135757K [0x0000000080000000, 0x0000000100000000)
  region size 1024K, 9 young (9216K), 9 survivors (9216K)
 Metaspace       used 139042K, committed 140032K, reserved 1179648K
  class space    used 18079K, committed 18560K, reserved 1048576K
}
Event: 11394.463 GC heap before
{Heap before GC invocations=93 (full 1):
 garbage-first heap   total 311296K, used 248397K [0x0000000080000000, 0x0000000100000000)
  region size 1024K, 103 young (105472K), 9 survivors (9216K)
 Metaspace       used 139243K, committed 140160K, reserved 1179648K
  class space    used 18080K, committed 18560K, reserved 1048576K
}
Event: 11394.582 GC heap after
{Heap after GC invocations=94 (full 1):
 garbage-first heap   total 311296K, used 135752K [0x0000000080000000, 0x0000000100000000)
  region size 1024K, 9 young (9216K), 9 survivors (9216K)
 Metaspace       used 139243K, committed 140160K, reserved 1179648K
  class space    used 18080K, committed 18560K, reserved 1048576K
}
Event: 11394.699 GC heap before
{Heap before GC invocations=94 (full 1):
 garbage-first heap   total 311296K, used 141896K [0x0000000080000000, 0x0000000100000000)
  region size 1024K, 15 young (15360K), 9 survivors (9216K)
 Metaspace       used 139265K, committed 140224K, reserved 1179648K
  class space    used 18080K, committed 18560K, reserved 1048576K
}
Event: 11394.736 GC heap after
{Heap after GC invocations=95 (full 1):
 garbage-first heap   total 311296K, used 123461K [0x0000000080000000, 0x0000000100000000)
  region size 1024K, 2 young (2048K), 2 survivors (2048K)
 Metaspace       used 139265K, committed 140224K, reserved 1179648K
  class space    used 18080K, committed 18560K, reserved 1048576K
}
Event: 11403.116 GC heap before
{Heap before GC invocations=95 (full 1):
 garbage-first heap   total 311296K, used 168517K [0x0000000080000000, 0x0000000100000000)
  region size 1024K, 48 young (49152K), 2 survivors (2048K)
 Metaspace       used 139416K, committed 140352K, reserved 1179648K
  class space    used 18082K, committed 18560K, reserved 1048576K
}
Event: 11403.161 GC heap after
{Heap after GC invocations=96 (full 1):
 garbage-first heap   total 311296K, used 125244K [0x0000000080000000, 0x0000000100000000)
  region size 1024K, 4 young (4096K), 4 survivors (4096K)
 Metaspace       used 139416K, committed 140352K, reserved 1179648K
  class space    used 18082K, committed 18560K, reserved 1048576K
}
Event: 12064.017 GC heap before
{Heap before GC invocations=97 (full 1):
 garbage-first heap   total 311296K, used 259388K [0x0000000080000000, 0x0000000100000000)
  region size 1024K, 119 young (121856K), 4 survivors (4096K)
 Metaspace       used 139999K, committed 141056K, reserved 1179648K
  class space    used 18157K, committed 18688K, reserved 1048576K
}
Event: 12065.149 GC heap after
{Heap after GC invocations=98 (full 1):
 garbage-first heap   total 311296K, used 124929K [0x0000000080000000, 0x0000000100000000)
  region size 1024K, 3 young (3072K), 3 survivors (3072K)
 Metaspace       used 139999K, committed 141056K, reserved 1179648K
  class space    used 18157K, committed 18688K, reserved 1048576K
}
Event: 12453.251 GC heap before
{Heap before GC invocations=98 (full 1):
 garbage-first heap   total 311296K, used 137217K [0x0000000080000000, 0x0000000100000000)
  region size 1024K, 15 young (15360K), 3 survivors (3072K)
 Metaspace       used 140018K, committed 141056K, reserved 1179648K
  class space    used 18158K, committed 18688K, reserved 1048576K
}
Event: 12453.395 GC heap after
{Heap after GC invocations=99 (full 1):
 garbage-first heap   total 311296K, used 123615K [0x0000000080000000, 0x0000000100000000)
  region size 1024K, 2 young (2048K), 2 survivors (2048K)
 Metaspace       used 140018K, committed 141056K, reserved 1179648K
  class space    used 18158K, committed 18688K, reserved 1048576K
}
Event: 12454.913 GC heap before
{Heap before GC invocations=99 (full 1):
 garbage-first heap   total 311296K, used 135903K [0x0000000080000000, 0x0000000100000000)
  region size 1024K, 15 young (15360K), 2 survivors (2048K)
 Metaspace       used 140036K, committed 141056K, reserved 1179648K
  class space    used 18158K, committed 18688K, reserved 1048576K
}
Event: 12454.970 GC heap after
{Heap after GC invocations=100 (full 1):
 garbage-first heap   total 311296K, used 123336K [0x0000000080000000, 0x0000000100000000)
  region size 1024K, 2 young (2048K), 2 survivors (2048K)
 Metaspace       used 140036K, committed 141056K, reserved 1179648K
  class space    used 18158K, committed 18688K, reserved 1048576K
}
Event: 12455.919 GC heap before
{Heap before GC invocations=100 (full 1):
 garbage-first heap   total 311296K, used 135624K [0x0000000080000000, 0x0000000100000000)
  region size 1024K, 15 young (15360K), 2 survivors (2048K)
 Metaspace       used 140061K, committed 141120K, reserved 1179648K
  class space    used 18158K, committed 18688K, reserved 1048576K
}
Event: 12455.946 GC heap after
{Heap after GC invocations=101 (full 1):
 garbage-first heap   total 311296K, used 123656K [0x0000000080000000, 0x0000000100000000)
  region size 1024K, 2 young (2048K), 2 survivors (2048K)
 Metaspace       used 140061K, committed 141120K, reserved 1179648K
  class space    used 18158K, committed 18688K, reserved 1048576K
}
Event: 12457.222 GC heap before
{Heap before GC invocations=101 (full 1):
 garbage-first heap   total 311296K, used 136968K [0x0000000080000000, 0x0000000100000000)
  region size 1024K, 15 young (15360K), 2 survivors (2048K)
 Metaspace       used 140460K, committed 141632K, reserved 1179648K
  class space    used 18262K, committed 18816K, reserved 1048576K
}
Event: 12457.717 GC heap after
{Heap after GC invocations=102 (full 1):
 garbage-first heap   total 311296K, used 124038K [0x0000000080000000, 0x0000000100000000)
  region size 1024K, 2 young (2048K), 2 survivors (2048K)
 Metaspace       used 140460K, committed 141632K, reserved 1179648K
  class space    used 18262K, committed 18816K, reserved 1048576K
}
Event: 12458.323 GC heap before
{Heap before GC invocations=102 (full 1):
 garbage-first heap   total 311296K, used 137350K [0x0000000080000000, 0x0000000100000000)
  region size 1024K, 15 young (15360K), 2 survivors (2048K)
 Metaspace       used 140470K, committed 141696K, reserved 1179648K
  class space    used 18262K, committed 18816K, reserved 1048576K
}

