# JRE version: OpenJDK Runtime Environment (17.0.9) (build 17.0.9+0--11185874)
# Java VM: OpenJDK 64-Bit Server VM (17.0.9+0--11185874, mixed mode, tiered, compressed oops, compressed class ptrs, g1 gc, windows-amd64)
GC Precious Log:
 CPUs: 4 total, 4 available
 Memory: 3891M
 Large Page Support: Disabled
 NUMA Support: Disabled
 Compressed Oops: Enabled (32-bit)
 Heap Region Size: 1M
 Heap Min Capacity: 8M
 Heap Initial Capacity: 62M
 Heap Max Capacity: 2G
 Pre-touch: Disabled
 Parallel Workers: 4
 Concurrent Workers: 1
 Concurrent Refinement Workers: 4
 Periodic GC: Disabled
Heap:
 garbage-first heap   total 286720K, used 139302K [0x0000000080000000, 0x0000000100000000)
  region size 1024K, 4 young (4096K), 4 survivors (4096K)
 Metaspace       used 136840K, committed 137728K, reserved 1179648K
  class space    used 18318K, committed 18752K, reserved 1048576K
GC Heap History (20 events):
Event: 54.700 GC heap after
{Heap after GC invocations=60 (full 0):
 garbage-first heap   total 202752K, used 139584K [0x0000000080000000, 0x0000000100000000)
  region size 1024K, 3 young (3072K), 3 survivors (3072K)
 Metaspace       used 113989K, committed 114752K, reserved 1179648K
  class space    used 15167K, committed 15552K, reserved 1048576K
}
Event: 55.500 GC heap before
{Heap before GC invocations=60 (full 0):
 garbage-first heap   total 202752K, used 171328K [0x0000000080000000, 0x0000000100000000)
  region size 1024K, 35 young (35840K), 3 survivors (3072K)
 Metaspace       used 114439K, committed 115264K, reserved 1179648K
  class space    used 15217K, committed 15616K, reserved 1048576K
}
Event: 55.507 GC heap after
{Heap after GC invocations=61 (full 0):
 garbage-first heap   total 202752K, used 142019K [0x0000000080000000, 0x0000000100000000)
  region size 1024K, 5 young (5120K), 5 survivors (5120K)
 Metaspace       used 114439K, committed 115264K, reserved 1179648K
  class space    used 15217K, committed 15616K, reserved 1048576K
}
Event: 55.720 GC heap before
{Heap before GC invocations=61 (full 0):
 garbage-first heap   total 202752K, used 173763K [0x0000000080000000, 0x0000000100000000)
  region size 1024K, 36 young (36864K), 5 survivors (5120K)
 Metaspace       used 114927K, committed 115648K, reserved 1179648K
  class space    used 15257K, committed 15616K, reserved 1048576K
}
Event: 55.733 GC heap after
{Heap after GC invocations=62 (full 0):
 garbage-first heap   total 202752K, used 143262K [0x0000000080000000, 0x0000000100000000)
  region size 1024K, 4 young (4096K), 4 survivors (4096K)
 Metaspace       used 114927K, committed 115648K, reserved 1179648K
  class space    used 15257K, committed 15616K, reserved 1048576K
}
Event: 56.204 GC heap before
{Heap before GC invocations=62 (full 0):
 garbage-first heap   total 202752K, used 175006K [0x0000000080000000, 0x0000000100000000)
  region size 1024K, 35 young (35840K), 4 survivors (4096K)
 Metaspace       used 115374K, committed 116160K, reserved 1179648K
  class space    used 15318K, committed 15680K, reserved 1048576K
}
Event: 56.207 GC heap after
{Heap after GC invocations=63 (full 0):
 garbage-first heap   total 202752K, used 141462K [0x0000000080000000, 0x0000000100000000)
  region size 1024K, 1 young (1024K), 1 survivors (1024K)
 Metaspace       used 115374K, committed 116160K, reserved 1179648K
  class space    used 15318K, committed 15680K, reserved 1048576K
}
Event: 56.547 GC heap before
{Heap before GC invocations=63 (full 0):
 garbage-first heap   total 202752K, used 153750K [0x0000000080000000, 0x0000000100000000)
  region size 1024K, 14 young (14336K), 1 survivors (1024K)
 Metaspace       used 116515K, committed 117248K, reserved 1179648K
  class space    used 15452K, committed 15808K, reserved 1048576K
}
Event: 56.556 GC heap after
{Heap after GC invocations=64 (full 0):
 garbage-first heap   total 202752K, used 142758K [0x0000000080000000, 0x0000000100000000)
  region size 1024K, 3 young (3072K), 3 survivors (3072K)
 Metaspace       used 116515K, committed 117248K, reserved 1179648K
  class space    used 15452K, committed 15808K, reserved 1048576K
}
Event: 105.234 GC heap before
{Heap before GC invocations=65 (full 0):
 garbage-first heap   total 235520K, used 151974K [0x0000000080000000, 0x0000000100000000)
  region size 1024K, 31 young (31744K), 3 survivors (3072K)
 Metaspace       used 119380K, committed 120128K, reserved 1179648K
  class space    used 15872K, committed 16256K, reserved 1048576K
}
Event: 105.409 GC heap after
{Heap after GC invocations=66 (full 0):
 garbage-first heap   total 235520K, used 126295K [0x0000000080000000, 0x0000000100000000)
  region size 1024K, 4 young (4096K), 4 survivors (4096K)
 Metaspace       used 119380K, committed 120128K, reserved 1179648K
  class space    used 15872K, committed 16256K, reserved 1048576K
}
Event: 105.693 GC heap before
{Heap before GC invocations=66 (full 0):
 garbage-first heap   total 235520K, used 132439K [0x0000000080000000, 0x0000000100000000)
  region size 1024K, 11 young (11264K), 4 survivors (4096K)
 Metaspace       used 119389K, committed 120128K, reserved 1179648K
  class space    used 15874K, committed 16256K, reserved 1048576K
}
Event: 105.747 GC heap after
{Heap after GC invocations=67 (full 0):
 garbage-first heap   total 235520K, used 121889K [0x0000000080000000, 0x0000000100000000)
  region size 1024K, 1 young (1024K), 1 survivors (1024K)
 Metaspace       used 119389K, committed 120128K, reserved 1179648K
  class space    used 15874K, committed 16256K, reserved 1048576K
}
Event: 110.254 GC heap before
{Heap before GC invocations=67 (full 0):
 garbage-first heap   total 235520K, used 198689K [0x0000000080000000, 0x0000000100000000)
  region size 1024K, 75 young (76800K), 1 survivors (1024K)
 Metaspace       used 122008K, committed 122880K, reserved 1179648K
  class space    used 16218K, committed 16640K, reserved 1048576K
}
Event: 110.377 GC heap after
{Heap after GC invocations=68 (full 0):
 garbage-first heap   total 235520K, used 129403K [0x0000000080000000, 0x0000000100000000)
  region size 1024K, 8 young (8192K), 8 survivors (8192K)
 Metaspace       used 122008K, committed 122880K, reserved 1179648K
  class space    used 16218K, committed 16640K, reserved 1048576K
}
Event: 116.618 GC heap before
{Heap before GC invocations=69 (full 0):
 garbage-first heap   total 286720K, used 188795K [0x0000000080000000, 0x0000000100000000)
  region size 1024K, 67 young (68608K), 8 survivors (8192K)
 Metaspace       used 130279K, committed 131072K, reserved 1179648K
  class space    used 17456K, committed 17856K, reserved 1048576K
}
Event: 116.671 GC heap after
{Heap after GC invocations=70 (full 0):
 garbage-first heap   total 286720K, used 138349K [0x0000000080000000, 0x0000000100000000)
  region size 1024K, 9 young (9216K), 9 survivors (9216K)
 Metaspace       used 130279K, committed 131072K, reserved 1179648K
  class space    used 17456K, committed 17856K, reserved 1048576K
}
Event: 116.855 GC heap before
{Heap before GC invocations=70 (full 0):
 garbage-first heap   total 286720K, used 142445K [0x0000000080000000, 0x0000000100000000)
  region size 1024K, 14 young (14336K), 9 survivors (9216K)
 Metaspace       used 130745K, committed 131584K, reserved 1179648K
  class space    used 17529K, committed 17984K, reserved 1048576K
}
Event: 116.886 GC heap after
{Heap after GC invocations=71 (full 0):
 garbage-first heap   total 286720K, used 137812K [0x0000000080000000, 0x0000000100000000)
  region size 1024K, 2 young (2048K), 2 survivors (2048K)
 Metaspace       used 130745K, committed 131584K, reserved 1179648K
  class space    used 17529K, committed 17984K, reserved 1048576K
}
Event: 120.503 GC heap before
{Heap before GC invocations=71 (full 0):
 garbage-first heap   total 286720K, used 232020K [0x0000000080000000, 0x0000000100000000)
  region size 1024K, 95 young (97280K), 2 survivors (2048K)
 Metaspace       used 136840K, committed 137728K, reserved 1179648K
  class space    used 18318K, committed 18752K, reserved 1048576K
}

