# JRE version: OpenJDK Runtime Environment (17.0.9) (build 17.0.9+0--11185874)
# Java VM: OpenJDK 64-Bit Server VM (17.0.9+0--11185874, mixed mode, tiered, compressed oops, compressed class ptrs, g1 gc, windows-amd64)
GC Precious Log:
 CPUs: 4 total, 4 available
 Memory: 3891M
 Large Page Support: Disabled
 NUMA Support: Disabled
 Compressed Oops: Enabled (32-bit)
 Heap Region Size: 1M
 Heap Min Capacity: 8M
 Heap Initial Capacity: 62M
 Heap Max Capacity: 974M
 Pre-touch: Disabled
 Parallel Workers: 4
 Concurrent Workers: 1
 Concurrent Refinement Workers: 4
 Periodic GC: Disabled
Heap:
 garbage-first heap   total 88064K, used 47104K [0x00000000c3200000, 0x0000000100000000)
  region size 1024K, 10 young (10240K), 4 survivors (4096K)
 Metaspace       used 57554K, committed 57856K, reserved 1114112K
  class space    used 6820K, committed 6976K, reserved 1048576K
GC Heap History (20 events):
Event: 1.507 GC heap before
{Heap before GC invocations=2 (full 0):
 garbage-first heap   total 63488K, used 33448K [0x00000000c3200000, 0x0000000100000000)
  region size 1024K, 28 young (28672K), 2 survivors (2048K)
 Metaspace       used 21362K, committed 21504K, reserved 1114112K
  class space    used 2330K, committed 2432K, reserved 1048576K
}
Event: 1.515 GC heap after
{Heap after GC invocations=3 (full 0):
 garbage-first heap   total 63488K, used 10506K [0x00000000c3200000, 0x0000000100000000)
  region size 1024K, 5 young (5120K), 5 survivors (5120K)
 Metaspace       used 21362K, committed 21504K, reserved 1114112K
  class space    used 2330K, committed 2432K, reserved 1048576K
}
Event: 1.995 GC heap before
{Heap before GC invocations=4 (full 0):
 garbage-first heap   total 45056K, used 35082K [0x00000000c3200000, 0x0000000100000000)
  region size 1024K, 26 young (26624K), 5 survivors (5120K)
 Metaspace       used 27929K, committed 28224K, reserved 1114112K
  class space    used 3066K, committed 3200K, reserved 1048576K
}
Event: 2.006 GC heap after
{Heap after GC invocations=5 (full 0):
 garbage-first heap   total 45056K, used 16379K [0x00000000c3200000, 0x0000000100000000)
  region size 1024K, 2 young (2048K), 2 survivors (2048K)
 Metaspace       used 27929K, committed 28224K, reserved 1114112K
  class space    used 3066K, committed 3200K, reserved 1048576K
}
Event: 2.020 GC heap before
{Heap before GC invocations=5 (full 0):
 garbage-first heap   total 45056K, used 17403K [0x00000000c3200000, 0x0000000100000000)
  region size 1024K, 3 young (3072K), 2 survivors (2048K)
 Metaspace       used 28168K, committed 28416K, reserved 1114112K
  class space    used 3098K, committed 3200K, reserved 1048576K
}
Event: 2.023 GC heap after
{Heap after GC invocations=6 (full 0):
 garbage-first heap   total 45056K, used 16836K [0x00000000c3200000, 0x0000000100000000)
  region size 1024K, 1 young (1024K), 1 survivors (1024K)
 Metaspace       used 28168K, committed 28416K, reserved 1114112K
  class space    used 3098K, committed 3200K, reserved 1048576K
}
Event: 2.420 GC heap before
{Heap before GC invocations=6 (full 0):
 garbage-first heap   total 45056K, used 33220K [0x00000000c3200000, 0x0000000100000000)
  region size 1024K, 16 young (16384K), 1 survivors (1024K)
 Metaspace       used 31311K, committed 31552K, reserved 1114112K
  class space    used 3786K, committed 3904K, reserved 1048576K
}
Event: 2.429 GC heap after
{Heap after GC invocations=7 (full 0):
 garbage-first heap   total 72704K, used 21504K [0x00000000c3200000, 0x0000000100000000)
  region size 1024K, 2 young (2048K), 2 survivors (2048K)
 Metaspace       used 31311K, committed 31552K, reserved 1114112K
  class space    used 3786K, committed 3904K, reserved 1048576K
}
Event: 3.116 GC heap before
{Heap before GC invocations=7 (full 0):
 garbage-first heap   total 72704K, used 44032K [0x00000000c3200000, 0x0000000100000000)
  region size 1024K, 25 young (25600K), 2 survivors (2048K)
 Metaspace       used 36117K, committed 36288K, reserved 1114112K
  class space    used 4523K, committed 4608K, reserved 1048576K
}
Event: 3.126 GC heap after
{Heap after GC invocations=8 (full 0):
 garbage-first heap   total 72704K, used 24928K [0x00000000c3200000, 0x0000000100000000)
  region size 1024K, 4 young (4096K), 4 survivors (4096K)
 Metaspace       used 36117K, committed 36288K, reserved 1114112K
  class space    used 4523K, committed 4608K, reserved 1048576K
}
Event: 3.686 GC heap before
{Heap before GC invocations=9 (full 0):
 garbage-first heap   total 72704K, used 51552K [0x00000000c3200000, 0x0000000100000000)
  region size 1024K, 30 young (30720K), 4 survivors (4096K)
 Metaspace       used 40914K, committed 41152K, reserved 1114112K
  class space    used 5002K, committed 5120K, reserved 1048576K
}
Event: 3.698 GC heap after
{Heap after GC invocations=10 (full 0):
 garbage-first heap   total 72704K, used 26380K [0x00000000c3200000, 0x0000000100000000)
  region size 1024K, 4 young (4096K), 4 survivors (4096K)
 Metaspace       used 40914K, committed 41152K, reserved 1114112K
  class space    used 5002K, committed 5120K, reserved 1048576K
}
Event: 4.315 GC heap before
{Heap before GC invocations=10 (full 0):
 garbage-first heap   total 72704K, used 50956K [0x00000000c3200000, 0x0000000100000000)
  region size 1024K, 29 young (29696K), 4 survivors (4096K)
 Metaspace       used 46654K, committed 46912K, reserved 1114112K
  class space    used 5597K, committed 5696K, reserved 1048576K
}
Event: 4.327 GC heap after
{Heap after GC invocations=11 (full 0):
 garbage-first heap   total 72704K, used 29605K [0x00000000c3200000, 0x0000000100000000)
  region size 1024K, 3 young (3072K), 3 survivors (3072K)
 Metaspace       used 46654K, committed 46912K, reserved 1114112K
  class space    used 5597K, committed 5696K, reserved 1048576K
}
Event: 4.992 GC heap before
{Heap before GC invocations=11 (full 0):
 garbage-first heap   total 72704K, used 56229K [0x00000000c3200000, 0x0000000100000000)
  region size 1024K, 27 young (27648K), 3 survivors (3072K)
 Metaspace       used 51895K, committed 52160K, reserved 1114112K
  class space    used 6220K, committed 6336K, reserved 1048576K
}
Event: 5.006 GC heap after
{Heap after GC invocations=12 (full 0):
 garbage-first heap   total 72704K, used 35359K [0x00000000c3200000, 0x0000000100000000)
  region size 1024K, 4 young (4096K), 4 survivors (4096K)
 Metaspace       used 51895K, committed 52160K, reserved 1114112K
  class space    used 6220K, committed 6336K, reserved 1048576K
}
Event: 5.104 GC heap before
{Heap before GC invocations=12 (full 0):
 garbage-first heap   total 72704K, used 54815K [0x00000000c3200000, 0x0000000100000000)
  region size 1024K, 24 young (24576K), 4 survivors (4096K)
 Metaspace       used 52010K, committed 52288K, reserved 1114112K
  class space    used 6220K, committed 6336K, reserved 1048576K
}
Event: 5.113 GC heap after
{Heap after GC invocations=13 (full 0):
 garbage-first heap   total 88064K, used 37264K [0x00000000c3200000, 0x0000000100000000)
  region size 1024K, 2 young (2048K), 2 survivors (2048K)
 Metaspace       used 52010K, committed 52288K, reserved 1114112K
  class space    used 6220K, committed 6336K, reserved 1048576K
}
Event: 6.308 GC heap before
{Heap before GC invocations=13 (full 0):
 garbage-first heap   total 88064K, used 65936K [0x00000000c3200000, 0x0000000100000000)
  region size 1024K, 30 young (30720K), 2 survivors (2048K)
 Metaspace       used 56011K, committed 56320K, reserved 1114112K
  class space    used 6650K, committed 6784K, reserved 1048576K
}
Event: 6.321 GC heap after
{Heap after GC invocations=14 (full 0):
 garbage-first heap   total 88064K, used 41984K [0x00000000c3200000, 0x0000000100000000)
  region size 1024K, 4 young (4096K), 4 survivors (4096K)
 Metaspace       used 56011K, committed 56320K, reserved 1114112K
  class space    used 6650K, committed 6784K, reserved 1048576K
}

